<testsuite failures="0" name="src/test/java/example/get.feature" skipped="0" tests="1" time="1.066963">
  <testcase classname="src.test.java.example.get" name="Test a sample GET API" time="1.066963">
    <system-out>Given url  'https://reqres.in/api/users?page=2' ........................... passed
When method GET ........................................................... passed
Then status 200 ........................................................... passed</system-out>
  </testcase>
</testsuite>
