<testsuite failures="0" name="src/test/java/example/post.feature" skipped="0" tests="1" time="0.9148">
  <testcase classname="src.test.java.example.post" name="Test a sample GET API" time="0.9148">
    <system-out>Given url  'https://reqres.in/api/users?page=2' ........................... passed
When method GET ........................................................... passed
Then status 200 ........................................................... passed</system-out>
  </testcase>
</testsuite>
